TN:
SF:src\controllers\authController.js
FN:21,(anonymous_0)
FN:38,(anonymous_1)
FN:55,(anonymous_2)
FNF:3
FNH:3
FNDA:28,(anonymous_0)
FNDA:3,(anonymous_1)
FNDA:1,(anonymous_2)
DA:1,2
DA:2,2
DA:21,2
DA:22,28
DA:24,28
DA:26,27
DA:38,2
DA:39,3
DA:41,3
DA:43,1
DA:55,2
DA:57,1
DA:59,1
DA:65,2
LF:14
LH:14
BRF:0
BRH:0
end_of_record
TN:
SF:src\controllers\taskController.js
FN:13,(anonymous_0)
FN:30,(anonymous_1)
FN:56,(anonymous_2)
FN:73,(anonymous_3)
FN:92,(anonymous_4)
FN:110,(anonymous_5)
FNF:6
FNH:6
FNDA:28,(anonymous_0)
FNDA:5,(anonymous_1)
FNDA:3,(anonymous_2)
FNDA:2,(anonymous_3)
FNDA:2,(anonymous_4)
FNDA:1,(anonymous_5)
DA:1,2
DA:2,2
DA:13,2
DA:14,28
DA:16,28
DA:30,2
DA:31,5
DA:33,5
DA:34,5
DA:35,5
DA:36,5
DA:38,5
DA:44,5
DA:56,2
DA:57,3
DA:62,1
DA:73,2
DA:74,2
DA:80,2
DA:92,2
DA:93,2
DA:98,1
DA:110,2
DA:111,1
DA:113,1
DA:119,2
LF:26
LH:26
BRDA:31,0,0,4
BRDA:31,1,0,4
BRDA:34,2,0,1
BRDA:34,2,1,4
BRDA:35,3,0,1
BRDA:35,3,1,4
BRDA:36,4,0,1
BRDA:36,4,1,4
BRF:8
BRH:8
end_of_record
TN:
SF:src\middlewares\auth.js
FN:19,(anonymous_0)
FN:51,(anonymous_1)
FN:52,(anonymous_2)
FNF:3
FNH:1
FNDA:48,(anonymous_0)
FNDA:0,(anonymous_1)
FNDA:0,(anonymous_2)
DA:1,2
DA:2,2
DA:3,2
DA:4,2
DA:19,2
DA:23,48
DA:24,46
DA:27,48
DA:28,2
DA:32,46
DA:35,45
DA:38,45
DA:40,45
DA:51,2
DA:52,0
DA:53,0
DA:54,0
DA:57,0
DA:58,0
DA:63,0
DA:67,2
LF:21
LH:15
BRDA:23,0,0,46
BRDA:23,0,1,2
BRDA:23,1,0,48
BRDA:23,1,1,46
BRDA:27,2,0,2
BRDA:27,2,1,46
BRDA:53,3,0,0
BRDA:53,3,1,0
BRDA:57,4,0,0
BRDA:57,4,1,0
BRF:10
BRH:6
end_of_record
TN:
SF:src\middlewares\errorHandler.js
FN:7,(anonymous_0)
FN:37,(anonymous_1)
FNF:2
FNH:2
FNDA:16,(anonymous_0)
FNDA:16,(anonymous_1)
DA:1,2
DA:2,2
DA:7,2
DA:8,16
DA:10,16
DA:11,15
DA:15,1
DA:16,1
DA:17,0
DA:18,0
DA:21,0
DA:22,0
DA:26,0
DA:27,0
DA:28,0
DA:31,1
DA:37,2
DA:38,16
DA:41,16
DA:42,0
DA:49,0
DA:50,0
DA:51,16
DA:52,0
DA:61,16
DA:68,16
DA:69,7
DA:73,16
DA:74,0
DA:77,16
DA:80,2
LF:31
LH:19
BRDA:10,0,0,15
BRDA:10,0,1,1
BRDA:15,1,0,1
BRDA:15,1,1,0
BRDA:17,2,0,0
BRDA:17,2,1,0
BRDA:21,3,0,0
BRDA:21,3,1,0
BRDA:26,4,0,0
BRDA:26,4,1,0
BRDA:27,5,0,0
BRDA:27,5,1,0
BRDA:41,6,0,0
BRDA:41,6,1,16
BRDA:41,7,0,16
BRDA:41,7,1,0
BRDA:51,8,0,0
BRDA:51,8,1,16
BRDA:68,9,0,7
BRDA:68,9,1,9
BRDA:73,10,0,0
BRDA:73,10,1,16
BRF:22
BRH:9
end_of_record
TN:
SF:src\middlewares\rateLimiter.js
FN:28,(anonymous_0)
FN:41,(anonymous_1)
FNF:2
FNH:2
FNDA:35,(anonymous_0)
FNDA:83,(anonymous_1)
DA:1,2
DA:21,2
DA:28,35
DA:35,2
DA:41,83
DA:44,2
LF:6
LH:6
BRDA:22,0,0,2
BRDA:22,0,1,2
BRDA:23,1,0,2
BRDA:23,1,1,2
BRDA:36,2,0,2
BRDA:36,2,1,2
BRDA:37,3,0,2
BRDA:37,3,1,2
BRF:8
BRH:8
end_of_record
TN:
SF:src\middlewares\validate.js
FN:10,(anonymous_0)
FN:14,(anonymous_1)
FNF:2
FNH:2
FNDA:73,(anonymous_0)
FNDA:11,(anonymous_1)
DA:1,2
DA:2,2
DA:10,2
DA:11,73
DA:13,73
DA:14,11
DA:19,7
DA:20,7
DA:22,7
DA:25,66
DA:28,2
LF:11
LH:11
BRDA:13,0,0,7
BRDA:13,0,1,66
BRF:2
BRH:2
end_of_record
TN:
SF:src\repositories\taskRepository.js
FN:10,(anonymous_0)
FN:14,(anonymous_1)
FN:29,(anonymous_2)
FN:39,(anonymous_3)
FN:49,(anonymous_4)
FN:63,(anonymous_5)
FNF:6
FNH:6
FNDA:28,(anonymous_0)
FNDA:6,(anonymous_1)
FNDA:7,(anonymous_2)
FNDA:2,(anonymous_3)
FNDA:1,(anonymous_4)
FNDA:7,(anonymous_5)
DA:1,2
DA:2,2
DA:3,2
DA:11,28
DA:15,6
DA:20,6
DA:21,6
DA:24,6
DA:26,6
DA:30,7
DA:32,7
DA:33,3
DA:36,4
DA:40,2
DA:42,2
DA:43,0
DA:46,2
DA:50,1
DA:52,1
DA:53,0
DA:56,1
DA:64,7
DA:66,4
DA:67,0
DA:70,4
DA:74,2
LF:26
LH:23
BRDA:32,0,0,3
BRDA:32,0,1,4
BRDA:42,1,0,0
BRDA:42,1,1,2
BRDA:52,2,0,0
BRDA:52,2,1,1
BRDA:66,3,0,0
BRDA:66,3,1,4
BRF:8
BRH:5
end_of_record
TN:
SF:src\repositories\userRepository.js
FN:16,(anonymous_0)
FN:26,(anonymous_1)
FN:30,(anonymous_2)
FN:40,(anonymous_3)
FNF:4
FNH:4
FNDA:28,(anonymous_0)
FNDA:3,(anonymous_1)
FNDA:46,(anonymous_2)
FNDA:3,(anonymous_3)
DA:1,2
DA:2,2
DA:17,28
DA:19,28
DA:20,1
DA:23,27
DA:27,3
DA:31,46
DA:33,46
DA:34,0
DA:37,46
DA:41,3
DA:43,3
DA:44,1
DA:47,2
DA:49,2
DA:50,1
DA:53,1
DA:57,2
LF:19
LH:18
BRDA:19,0,0,1
BRDA:19,0,1,27
BRDA:33,1,0,0
BRDA:33,1,1,46
BRDA:43,2,0,1
BRDA:43,2,1,2
BRDA:49,3,0,1
BRDA:49,3,1,1
BRF:8
BRH:7
end_of_record
TN:
SF:src\routes\authRoutes.js
FNF:0
FNH:0
DA:1,2
DA:2,2
DA:3,2
DA:4,2
DA:5,2
DA:6,2
DA:8,2
DA:47,2
DA:73,2
DA:87,2
DA:89,2
LF:11
LH:11
BRF:0
BRH:0
end_of_record
TN:
SF:src\routes\taskRoutes.js
FNF:0
FNH:0
DA:1,2
DA:9,2
DA:14,2
DA:15,2
DA:16,2
DA:18,2
DA:28,2
DA:42,2
DA:77,2
DA:110,2
DA:130,2
DA:156,2
DA:176,2
DA:178,2
LF:14
LH:14
BRF:0
BRH:0
end_of_record
TN:
SF:src\services\authService.js
FN:25,(anonymous_0)
FN:36,(anonymous_1)
FN:59,(anonymous_2)
FN:79,(anonymous_3)
FN:96,(anonymous_4)
FNF:5
FNH:5
FNDA:28,(anonymous_0)
FNDA:46,(anonymous_1)
FNDA:28,(anonymous_2)
FNDA:3,(anonymous_3)
FNDA:1,(anonymous_4)
DA:1,2
DA:2,2
DA:3,2
DA:4,2
DA:26,28
DA:37,46
DA:38,46
DA:40,1
DA:41,0
DA:42,0
DA:43,0
DA:45,1
DA:46,1
DA:47,1
DA:60,28
DA:62,28
DA:63,27
DA:65,27
DA:67,27
DA:80,3
DA:82,3
DA:83,1
DA:85,1
DA:87,1
DA:97,1
DA:98,1
DA:102,2
LF:27
LH:24
BRDA:40,0,0,0
BRDA:40,0,1,1
BRF:2
BRH:1
end_of_record
TN:
SF:src\services\taskService.js
FN:20,(anonymous_0)
FN:38,(anonymous_1)
FN:57,(anonymous_2)
FN:67,(anonymous_3)
FN:82,(anonymous_4)
FN:99,(anonymous_5)
FN:106,(anonymous_6)
FN:107,(anonymous_7)
FN:108,(anonymous_8)
FN:111,(anonymous_9)
FN:112,(anonymous_10)
FN:113,(anonymous_11)
FNF:12
FNH:12
FNDA:28,(anonymous_0)
FNDA:5,(anonymous_1)
FNDA:3,(anonymous_2)
FNDA:2,(anonymous_3)
FNDA:2,(anonymous_4)
FNDA:1,(anonymous_5)
FNDA:4,(anonymous_6)
FNDA:4,(anonymous_7)
FNDA:4,(anonymous_8)
FNDA:4,(anonymous_9)
FNDA:4,(anonymous_10)
FNDA:4,(anonymous_11)
DA:1,2
DA:2,2
DA:3,2
DA:21,28
DA:23,28
DA:28,28
DA:29,28
DA:39,5
DA:44,5
DA:58,3
DA:69,2
DA:71,2
DA:73,2
DA:75,2
DA:76,2
DA:84,2
DA:86,1
DA:88,1
DA:90,1
DA:91,1
DA:100,1
DA:101,1
DA:103,1
DA:106,4
DA:107,4
DA:108,4
DA:111,4
DA:112,4
DA:113,4
DA:119,2
LF:30
LH:30
BRF:0
BRH:0
end_of_record
TN:
SF:src\utils\ApiError.js
FN:10,(anonymous_0)
FN:30,(anonymous_1)
FN:31,(anonymous_2)
FN:32,(anonymous_3)
FN:33,(anonymous_4)
FN:34,(anonymous_5)
FN:35,(anonymous_6)
FN:36,(anonymous_7)
FN:37,(anonymous_8)
FNF:9
FNH:8
FNDA:25,(anonymous_0)
FNDA:1,(anonymous_1)
FNDA:5,(anonymous_2)
FNDA:1,(anonymous_3)
FNDA:4,(anonymous_4)
FNDA:2,(anonymous_5)
FNDA:7,(anonymous_6)
FNDA:0,(anonymous_7)
FNDA:1,(anonymous_8)
DA:11,25
DA:12,25
DA:13,25
DA:15,25
DA:16,1
DA:18,24
DA:29,3
DA:30,1
DA:31,5
DA:32,1
DA:33,4
DA:34,2
DA:35,7
DA:36,0
DA:37,1
DA:40,3
LF:16
LH:15
BRDA:10,0,0,23
BRDA:10,1,0,24
BRDA:15,2,0,1
BRDA:15,2,1,24
BRDA:30,3,0,0
BRDA:31,4,0,1
BRDA:32,5,0,0
BRDA:33,6,0,1
BRDA:34,7,0,0
BRDA:35,8,0,0
BRDA:36,9,0,0
BRDA:37,10,0,0
BRF:12
BRH:6
end_of_record
TN:
SF:src\utils\asyncHandler.js
FN:10,(anonymous_0)
FN:10,(anonymous_1)
FNF:2
FNH:2
FNDA:20,(anonymous_0)
FNDA:121,(anonymous_1)
DA:10,20
DA:11,121
DA:14,2
LF:3
LH:3
BRF:0
BRH:0
end_of_record
TN:
SF:src\utils\pagination.js
FN:10,(anonymous_0)
FN:18,(anonymous_1)
FNF:2
FNH:2
FNDA:12,(anonymous_0)
FNDA:8,(anonymous_1)
DA:10,3
DA:11,12
DA:12,12
DA:13,12
DA:15,12
DA:18,3
DA:19,8
DA:20,8
DA:21,8
DA:23,8
DA:36,3
LF:11
LH:11
BRDA:10,0,0,1
BRDA:10,1,0,1
BRF:2
BRH:2
end_of_record
TN:
SF:src\validators\authValidator.js
FNF:0
FNH:0
DA:1,2
DA:13,2
DA:32,2
DA:43,2
LF:4
LH:4
BRF:0
BRH:0
end_of_record
TN:
SF:src\validators\taskValidator.js
FNF:0
FNH:0
DA:1,2
DA:7,2
DA:34,2
DA:62,2
DA:89,2
LF:5
LH:5
BRF:0
BRH:0
end_of_record
